[INFO 2020-10-29 08:30:31]==============================test_01_isExistProcessingOrderByUserIdAndAcctNo_根据用户与还款账号判断是否有未完成的订单======================================
[INFO 2020-10-29 08:30:31]test_01_放款流水查询——测试开始——测试地址：http://10.100.12.15:8061/order/isExistProcessingOrderByUserIdAndAcctNo
[INFO 2020-10-29 08:30:31]测试返回报文{'timestamp': '2020-10-29T00:29:29.671+0000', 'status': 404, 'error': 'Not Found', 'message': 'No message available', 'path': '/order/isExistProcessingOrderByUserIdAndAcctNo'}
[INFO 2020-10-29 14:50:37]==============================test_01_用户存在未完成的订单，正确查询出相应的信息======================================
[INFO 2020-10-29 14:50:37]==========test_02_用户不存在未完成订单，查询内容中包含false=====================
[INFO 2020-10-29 14:50:37]=============test_03_用户userId为空查询未完成订单,根据银行卡查询内容==================
[INFO 2020-10-29 14:50:37]=================test_04_用户userId为空字符串时查询未完成订单====================
[INFO 2020-10-29 14:50:37]====================test_05_OrderQuery_根据银行卡号查询未完成的订单_返回结果正确=======================
[INFO 2020-10-29 14:50:37]=============test_06_OrderQuery_银行账号accountNo存在_该人员与银行没有未完成订单================
[INFO 2020-10-29 14:53:56]==============================test_01_用户存在未完成的订单，正确查询出相应的信息======================================
[INFO 2020-10-29 14:53:56]==========test_02_用户不存在未完成订单，查询内容中包含false=====================
[INFO 2020-10-29 14:53:56]=============test_03_用户userId为空查询未完成订单,根据银行卡查询内容==================
[INFO 2020-10-29 14:53:56]=================test_04_用户userId为空字符串时查询未完成订单====================
[INFO 2020-10-29 14:53:56]====================test_05_OrderQuery_根据银行卡号查询未完成的订单_返回结果正确=======================
[INFO 2020-10-29 14:53:56]=============test_06_OrderQuery_银行账号accountNo存在_该人员与银行没有未完成订单================
[INFO 2020-10-29 14:56:44]==============================test_asarchRepayList_01_放款流水查询接口测试======================================
[INFO 2020-10-29 14:56:44]test_01_放款流水查询——测试开始——测试地址：http://10.100.0.125:8031/loanorder/loanLog/list
[INFO 2020-10-29 14:56:44]测试返回报文{'timestamp': '2020-10-29 14:53:01', 'status': 404, 'error': 'Not Found', 'message': 'No message available', 'path': '/loanorder/loanLog/list'}
[INFO 2020-10-29 14:56:44]==============================test_asarchRepayList_01_放款流水查询接口测试======================================
[INFO 2020-10-29 14:56:44]test_01_放款流水查询——测试开始——测试地址：http://10.100.0.125:8031/loanorder/loanLog/list
[INFO 2020-10-29 14:56:44]测试返回报文{'timestamp': '2020-10-29 14:53:01', 'status': 404, 'error': 'Not Found', 'message': 'No message available', 'path': '/loanorder/loanLog/list'}
[INFO 2020-10-29 14:56:44]================================================测试开始test_03_querySecOrder_报文内容中为空为空字符串时接口给出正确的错误提示=====================================
[INFO 2020-10-29 14:56:44]测试开始:测试urlhttp://10.100.0.125:8031/loanorder/loanLog/list----测试dody{}
[INFO 2020-10-29 14:56:44]==============================test_01_用户存在未完成的订单，正确查询出相应的信息======================================
[INFO 2020-10-29 14:56:44]==========test_02_用户不存在未完成订单，查询内容中包含false=====================
[INFO 2020-10-29 14:56:44]=============test_03_用户userId为空查询未完成订单,根据银行卡查询内容==================
[INFO 2020-10-29 14:56:44]=================test_04_用户userId为空字符串时查询未完成订单====================
[INFO 2020-10-29 14:56:44]====================test_05_OrderQuery_根据银行卡号查询未完成的订单_返回结果正确=======================
[INFO 2020-10-29 14:56:44]=============test_06_OrderQuery_银行账号accountNo存在_该人员与银行没有未完成订单================
[INFO 2020-10-29 14:57:11]==============================test_01_用户存在未完成的订单，正确查询出相应的信息======================================
[INFO 2020-10-29 14:58:53]==============================test_01_用户存在未完成的订单，正确查询出相应的信息======================================
[INFO 2020-10-29 15:02:12]==============================test_01_用户存在未完成的订单，正确查询出相应的信息======================================
[INFO 2020-10-29 15:02:41]test_01_放款流水查询——测试开始——测试地址：http://10.100.0.125:8031/loanorder/order/isExistProcessingOrderByUserIdAndAcctNo?userId=1000000342&accountNo=6236435330000004614
[INFO 2020-10-29 15:02:51]测试返回报文{'code': 0, 'result': False, 'message': None, 'success': True}
[INFO 2020-10-29 15:03:35]==========test_02_用户不存在未完成订单，查询内容中包含false=====================
[INFO 2020-10-29 15:03:35]=============test_03_用户userId为空查询未完成订单,根据银行卡查询内容==================
[INFO 2020-10-29 15:03:35]测试发送报文：{}
[INFO 2020-10-29 15:03:35]=================test_04_用户userId为空字符串时查询未完成订单====================
[INFO 2020-10-29 15:03:35]请求报文：{'userId': '', 'accountNo': None}
[INFO 2020-10-29 15:03:35]====================test_05_OrderQuery_根据银行卡号查询未完成的订单_返回结果正确=======================
[INFO 2020-10-29 15:03:35]测试接口入参：{'userId': '', 'accountNo': None}
[INFO 2020-10-29 15:03:35]=============test_06_OrderQuery_银行账号accountNo存在_该人员与银行没有未完成订单================
[INFO 2020-10-29 15:09:26]==========test_02_用户不存在未完成订单，查询内容中包含false=====================
[INFO 2020-10-29 15:10:01]==========test_02_用户不存在未完成订单，查询内容中包含false=====================
[INFO 2020-10-29 15:12:11]==========test_02_用户不存在未完成订单，查询内容中包含false=====================
[INFO 2020-10-29 15:12:30]测试返回报文：{"code":0,"result":false,"message":null,"success":true}
[INFO 2020-10-29 15:12:39]------------------断言开始------------
[INFO 2020-10-29 15:13:02]==========test_02_用户不存在未完成订单，查询内容中包含false=====================
[INFO 2020-10-29 15:13:02]测试返回报文：{"code":0,"result":false,"message":null,"success":true}
[INFO 2020-10-29 15:13:02]------------------断言开始------------
[INFO 2020-10-29 15:15:37]==========test_02_用户不存在未完成订单，查询内容中包含false=====================
[INFO 2020-10-29 15:15:37]测试返回报文：{"code":0,"result":false,"message":null,"success":true}
[INFO 2020-10-29 15:15:37]------------------断言开始------------
[INFO 2020-10-29 15:16:33]==========test_02_用户不存在未完成订单，查询内容中包含false=====================
[INFO 2020-10-29 15:16:33]测试返回报文：{"code":0,"result":false,"message":null,"success":true}
[INFO 2020-10-29 15:16:33]------------------断言开始------------
[INFO 2020-10-29 15:16:56]==========test_02_用户不存在未完成订单，查询内容中包含false=====================
[INFO 2020-10-29 15:16:56]测试返回报文：{"code":0,"result":false,"message":null,"success":true}
[INFO 2020-10-29 15:16:56]------------------断言开始------------
[INFO 2020-10-29 15:29:31]==========test_02_用户不存在未完成订单，查询内容中包含false=====================
[INFO 2020-10-29 15:31:39]==========test_02_用户不存在未完成订单，查询内容中包含false=====================
[INFO 2020-10-29 15:31:39]测试返回报文：{"code":0,"result":false,"message":null,"success":true}
[INFO 2020-10-29 15:31:39]------------------断言开始------------
[INFO 2020-10-29 15:36:41]==========test_02_用户不存在未完成订单，查询内容中包含false=====================
[INFO 2020-10-29 15:36:41]测试返回报文：{"code":0,"result":false,"message":null,"success":true}
[INFO 2020-10-29 15:36:41]------------------断言开始------------
[INFO 2020-10-29 15:43:28]=================test_04_用户userId为空字符串时查询未完成订单====================
[INFO 2020-10-29 15:43:28]请求报文：{'userId': '', 'accountNo': None}
[INFO 2020-10-29 15:43:28]返回报文：{"code":0,"result":false,"message":null,"success":true}
[INFO 2020-10-29 15:43:28]test_04_用户userId为空字符串时查询未完成订单==============断言开始
[INFO 2020-10-29 16:36:35]=============test_06_OrderQuery_银行账号accountNo存在_该人员与银行没有未完成订单================
[INFO 2020-10-29 16:36:35]测试接口入参：{}-------接口url----http://10.100.0.125:8031/loanorder/order/isExistProcessingOrderByUserIdAndAcctNo?userId=1000000342&accountNo=6236435330000004614
[INFO 2020-10-29 16:36:36]测试结果报文{"code":0,"result":false,"message":null,"success":true}
[INFO 2020-10-29 16:36:36]断言成功,断言成功False
