[INFO 2020-10-27 10:09:43]==================================2020-10-27 10:09:43===================================
[INFO 2020-10-27 10:09:44]==============================test_asarchRepayList_01_放款流水查询接口测试======================================
[INFO 2020-10-27 10:09:44]test_01_放款流水查询——测试开始
[INFO 2020-10-27 10:09:44]测试返回报文 {'code': 0, 'result': {'page': 1, 'pageSize': 10, 'totalCount': 195, 'rows': [{'id': 757, 'loanId': '20201027000004', 'userId': '010000003814', 'clientNo': '1000002276', 'sourceType': '020152', 'partnerId': 'PAPH', 'loanDate': '20241231', 'loanAmount': 11030.0, 'loanStatus': 6, 'loanStatusDesc': '支付放款成功', 'accountingSeqNo': '020152202412310952200000001920', 'baseAcctNo': '11101250000000116', 'bussSeqNo': 'AC2020102700000012', 'accountingStatus': 1, 'accountingResult': '{"baseAcctNo":"11101250000000116","clientNo":"1000002276"}', 'payInfo': '{"payeeAcctName":"孙浩","payeeAcctNo":"6217001630018390415","payeeAcctType":"DEBIT","payeeCertNo":"321283199712054217","payeeCertType":"01"}', 'uppTranNo': '202010270000000121', 'uppStatus': 1, 'uppResult': None, 'uppTime': None, 'operatorId': 'system', 'createTime': '2020-10-27 09:52:38', 'modifiedTime': '2020-10-27 10:05:18'}, {'id': 744, 'loanId': '20201026000098', 'userId': '010000003152', 'clientNo': '1000000011', 'sourceType': '020152', 'partnerId': 'ZHX', 'loanDate': '20241225', 'loanAmount': 30000.0, 'loanStatus': 6, 'loanStatusDesc': '支付放款成功', 'accountingSeqNo': '020152202412252110110000001748', 'baseAcctNo': '11101210000002018', 'bussSeqNo': 'AC2020102600000137', 'accountingStatus': 1, 'accountingResult': '{"baseAcctNo":"11101210000002018","clientNo":"1000000011"}', 'payInfo': '{"payeeAcctName":"张三","payeeAcctNo":"6227001637030031455","payeeAcctType":"PUBLIC","payeeBankCode":"105100000017","payeeBankName":"中国建设银行"}', 'uppTranNo': '202010260000002450', 'uppStatus': 1, 'uppResult': None, 'uppTime': None, 'operatorId': '239', 'createTime': '2020-10-26 21:10:30', 'modifiedTime': '2020-10-26 21:25:19'}, {'id': 742, 'loanId': 'LHD20201026000092', 'userId': '010000003249', 'clientNo': '1000000245', 'sourceType': '020152', 'partnerId': 'CAXS', 'loanDate': '20241225', 'loanAmount': 20.0, 'loanStatus': 6, 'loanStatusDesc': '支付放款成功', 'accountingSeqNo': '020152202412251949570000001279', 'baseAcctNo': '1110118000000180645', 'bussSeqNo': 'AC2020102600000134', 'accountingStatus': 1, 'accountingResult': '{"acctSeqNo":"1","baseAcctNo":"1110118000000180645","reference":"ESL2024122501286782"}', 'payInfo': '{"payeeAccDept":"中国工商银行股份有限公司长沙东塘支行","payeeAcctName":"湖南湘松工程机械有限责任公司","payeeAcctNo":"1901009009020132035","payeeAcctType":"PUBLIC","payeeBankCode":"102100099996","payeeCertNo":"370702199003078678","payeeCertType":"01"}', 'uppTranNo': '202010260000002432', 'uppStatus': 1, 'uppResult': '{"retCode":"000000","retMsg":"交易成功","status":"00","tranNo":"202010260000002432","txnDate":"20201026","txnNo":"77220201026195029096UPP00000036","txnTime":"195029"}', 'uppTime': None, 'operatorId': 'system', 'createTime': '2020-10-26 19:50:16', 'modifiedTime': '2020-10-26 19:50:18'}, {'id': 741, 'loanId': 'LHD20201026000091', 'userId': '010000003249', 'clientNo': '1000000245', 'sourceType': '020152', 'partnerId': 'CAXS', 'loanDate': '20241225', 'loanAmount': 20.0, 'loanStatus': 6, 'loanStatusDesc': '支付放款成功', 'accountingSeqNo': '020152202412251948580000001275', 'baseAcctNo': '1110118000000179445', 'bussSeqNo': 'AC2020102600000133', 'accountingStatus': 1, 'accountingResult': '{"acctSeqNo":"1","baseAcctNo":"1110118000000179445","reference":"ESL2024122501286775"}', 'payInfo': '{"payeeAccDept":"中国工商银行股份有限公司长沙东塘支行","payeeAcctName":"湖南湘松工程机械有限责任公司","payeeAcctNo":"1901009009020132035","payeeAcctType":"PUBLIC","payeeBankCode":"102100099996","payeeCertNo":"370702199003078678","payeeCertType":"01"}', 'uppTranNo': '202010260000002431', 'uppStatus': 1, 'uppResult': '{"retCode":"000000","retMsg":"交易成功","status":"00","tranNo":"202010260000002431","txnDate":"20201026","txnNo":"77220201026194929327UPP00000035","txnTime":"194929"}', 'uppTime': None, 'operatorId': 'system', 'createTime': '2020-10-26 19:49:17', 'modifiedTime': '2020-10-26 19:49:18'}, {'id': 740, 'loanId': 'LHD20201026000090', 'userId': '010000003249', 'clientNo': '1000000245', 'sourceType': '020152', 'partnerId': 'CAXS', 'loanDate': '20241225', 'loanAmount': 20.0, 'loanStatus': 6, 'loanStatusDesc': '支付放款成功', 'accountingSeqNo': '020152202412251947560000001271', 'baseAcctNo': '1110118000000178045', 'bussSeqNo': 'AC2020102600000132', 'accountingStatus': 1, 'accountingResult': '{"acctSeqNo":"1","baseAcctNo":"1110118000000178045","reference":"ESL2024122501286768"}', 'payInfo': '{"payeeAccDept":"中国工商银行股份有限公司长沙东塘支行","payeeAcctName":"湖南湘松工程机械有限责任公司","payeeAcctNo":"1901009009020132035","payeeAcctType":"PUBLIC","payeeBankCode":"102100099996","payeeCertNo":"370702199003078678","payeeCertType":"01"}', 'uppTranNo': '202010260000002430', 'uppStatus': 1, 'uppResult': '{"retCode":"000000","retMsg":"交易成功","status":"00","tranNo":"202010260000002430","txnDate":"20201026","txnNo":"77220201026194827753UPP00000034","txnTime":"194830"}', 'uppTime': None, 'operatorId': 'system', 'createTime': '2020-10-26 19:48:15', 'modifiedTime': '2020-10-26 19:48:19'}, {'id': 739, 'loanId': 'LHD20201026000089', 'userId': '010000003249', 'clientNo': '1000000245', 'sourceType': '020152', 'partnerId': 'CAXS', 'loanDate': '20241225', 'loanAmount': 20.0, 'loanStatus': 6, 'loanStatusDesc': '支付放款成功', 'accountingSeqNo': '020152202412251946300000001267', 'baseAcctNo': '1110118000000177745', 'bussSeqNo': 'AC2020102600000131', 'accountingStatus': 1, 'accountingResult': '{"acctSeqNo":"1","baseAcctNo":"1110118000000177745","reference":"ESL2024122501286761"}', 'payInfo': '{"payeeAccDept":"中国工商银行股份有限公司长沙东塘支行","payeeAcctName":"湖南湘松工程机械有限责任公司","payeeAcctNo":"1901009009020132035","payeeAcctType":"PUBLIC","payeeBankCode":"102100099996","payeeCertNo":"370702199003078678","payeeCertType":"01"}', 'uppTranNo': '202010260000002429', 'uppStatus': 1, 'uppResult': '{"retCode":"000000","retMsg":"交易成功","status":"00","tranNo":"202010260000002429","txnDate":"20201026","txnNo":"77220201026194701549UPP00000033","txnTime":"194702"}', 'uppTime': None, 'operatorId': 'system', 'createTime': '2020-10-26 19:46:49', 'modifiedTime': '2020-10-26 19:46:51'}, {'id': 738, 'loanId': 'LHD20201026000088', 'userId': '010000003249', 'clientNo': '1000000245', 'sourceType': '020152', 'partnerId': 'CAXS', 'loanDate': '20241225', 'loanAmount': 20.0, 'loanStatus': 6, 'loanStatusDesc': '支付放款成功', 'accountingSeqNo': '020152202412251945300000001263', 'baseAcctNo': '1110118000000176345', 'bussSeqNo': 'AC2020102600000130', 'accountingStatus': 1, 'accountingResult': '{"acctSeqNo":"1","baseAcctNo":"1110118000000176345","reference":"ESL2024122501286754"}', 'payInfo': '{"payeeAccDept":"中国工商银行股份有限公司长沙东塘支行","payeeAcctName":"湖南湘松工程机械有限责任公司","payeeAcctNo":"1901009009020132035","payeeAcctType":"PUBLIC","payeeBankCode":"102100099996","payeeCertNo":"370702199003078678","payeeCertType":"01"}', 'uppTranNo': '202010260000002428', 'uppStatus': 1, 'uppResult': '{"retCode":"000000","retMsg":"交易成功","status":"00","tranNo":"202010260000002428","txnDate":"20201026","txnNo":"77220201026194603229UPP00000032","txnTime":"194603"}', 'uppTime': None, 'operatorId': 'system', 'createTime': '2020-10-26 19:45:49', 'modifiedTime': '2020-10-26 19:45:53'}, {'id': 737, 'loanId': 'LHD20201026000087', 'userId': '010000003249', 'clientNo': '1000000245', 'sourceType': '020152', 'partnerId': 'CAXS', 'loanDate': '20241225', 'loanAmount': 20.0, 'loanStatus': 6, 'loanStatusDesc': '支付放款成功', 'accountingSeqNo': '020152202412251944240000001259', 'baseAcctNo': '1110118000000175045', 'bussSeqNo': 'AC2020102600000129', 'accountingStatus': 1, 'accountingResult': '{"acctSeqNo":"1","baseAcctNo":"1110118000000175045","reference":"ESL2024122501286747"}', 'payInfo': '{"payeeAccDept":"中国工商银行股份有限公司长沙东塘支行","payeeAcctName":"湖南湘松工程机械有限责任公司","payeeAcctNo":"1901009009020132035","payeeAcctType":"PUBLIC","payeeBankCode":"102100099996","payeeCertNo":"370702199003078678","payeeCertType":"01"}', 'uppTranNo': '202010260000002427', 'uppStatus': 1, 'uppResult': '{"retCode":"000000","retMsg":"交易成功","status":"00","tranNo":"202010260000002427","txnDate":"20201026","txnNo":"77220201026194456517UPP00000031","txnTime":"194457"}', 'uppTime': None, 'operatorId': 'system', 'createTime': '2020-10-26 19:44:44', 'modifiedTime': '2020-10-26 19:44:46'}, {'id': 736, 'loanId': 'LHD20201026000085', 'userId': '010000003249', 'clientNo': '1000000245', 'sourceType': '020152', 'partnerId': 'CAXS', 'loanDate': '20241225', 'loanAmount': 20.0, 'loanStatus': 6, 'loanStatusDesc': '支付放款成功', 'accountingSeqNo': '020152202412251942290000001255', 'baseAcctNo': '1110118000000174645', 'bussSeqNo': 'AC2020102600000128', 'accountingStatus': 1, 'accountingResult': '{"acctSeqNo":"1","baseAcctNo":"1110118000000174645","reference":"ESL2024122501286740"}', 'payInfo': '{"payeeAccDept":"中国工商银行股份有限公司长沙东塘支行","payeeAcctName":"湖南湘松工程机械有限责任公司","payeeAcctNo":"1901009009020132035","payeeAcctType":"PUBLIC","payeeBankCode":"102100099996","payeeCertNo":"370702199003078678","payeeCertType":"01"}', 'uppTranNo': '202010260000002426', 'uppStatus': 1, 'uppResult': '{"retCode":"000000","retMsg":"交易成功","status":"00","tranNo":"202010260000002426","txnDate":"20201026","txnNo":"77220201026194302188UPP00000030","txnTime":"194302"}', 'uppTime': None, 'operatorId': 'system', 'createTime': '2020-10-26 19:42:48', 'modifiedTime': '2020-10-26 19:42:51'}, {'id': 735, 'loanId': 'LHD20201026000083', 'userId': '010000003249', 'clientNo': '1000000245', 'sourceType': '020152', 'partnerId': 'CAXS', 'loanDate': '20241225', 'loanAmount': 20.0, 'loanStatus': 6, 'loanStatusDesc': '支付放款成功', 'accountingSeqNo': '020152202412251939390000001251', 'baseAcctNo': '1110118000000173245', 'bussSeqNo': 'AC2020102600000127', 'accountingStatus': 1, 'accountingResult': '{"acctSeqNo":"1","baseAcctNo":"1110118000000173245","reference":"ESL2024122501286733"}', 'payInfo': '{"payeeAccDept":"中国工商银行股份有限公司长沙东塘支行","payeeAcctName":"湖南湘松工程机械有限责任公司","payeeAcctNo":"1901009009020132035","payeeAcctType":"PUBLIC","payeeBankCode":"102100099996","payeeCertNo":"370702199003078678","payeeCertType":"01"}', 'uppTranNo': '202010260000002425', 'uppStatus': 1, 'uppResult': '{"retCode":"000000","retMsg":"交易成功","status":"00","tranNo":"202010260000002425","txnDate":"20201026","txnNo":"77220201026194011223UPP00000029","txnTime":"194011"}', 'uppTime': None, 'operatorId': 'system', 'createTime': '2020-10-26 19:39:59', 'modifiedTime': '2020-10-26 19:40:00'}]}, 'message': None, 'success': True}
[INFO 2020-10-27 10:12:33]开始执行报告生成
[INFO 2020-10-27 10:12:50]报告生成完毕
[INFO 2020-10-27 14:53:31]==============================test_asarchRepayList_01_放款流水查询接口测试======================================
[INFO 2020-10-27 14:53:31]test_01_放款流水查询——测试开始
[INFO 2020-10-27 14:53:31]接口异常
[INFO 2020-10-27 14:58:38]==============================test_asarchRepayList_01_放款流水查询接口测试======================================
[INFO 2020-10-27 14:58:38]test_01_放款流水查询——测试开始
[INFO 2020-10-27 14:58:38]接口异常
[INFO 2020-10-27 15:08:39]==============================test_asarchRepayList_01_放款流水查询接口测试======================================
[INFO 2020-10-27 15:08:39]test_01_放款流水查询——测试开始——测试地址：/order/querySecOrder
[INFO 2020-10-27 15:08:39]接口异常
[INFO 2020-10-27 16:29:44]==============================test_asarchRepayList_01_放款流水查询接口测试======================================
[INFO 2020-10-27 16:29:44]test_01_放款流水查询——测试开始——测试地址：http://10.100.0.125:8031/order/querySecOrder
[INFO 2020-10-27 16:29:44]接口异常
[INFO 2020-10-27 16:35:53]==============================test_asarchRepayList_01_放款流水查询接口测试======================================
[INFO 2020-10-27 16:35:53]test_01_放款流水查询——测试开始——测试地址：http://10.100.0.125:8031/order/querySecOrder
[INFO 2020-10-27 16:35:53]接口异常request() got an unexpected keyword argument 'header'
[INFO 2020-10-27 16:41:09]==============================test_asarchRepayList_01_放款流水查询接口测试======================================
[INFO 2020-10-27 16:41:09]test_01_放款流水查询——测试开始——测试地址：http://10.100.0.125:8031/order/querySecOrder
[INFO 2020-10-27 16:41:09]接口异常
[INFO 2020-10-27 16:47:09]==============================test_asarchRepayList_01_放款流水查询接口测试======================================
[INFO 2020-10-27 16:47:09]test_01_放款流水查询——测试开始——测试地址：http://10.100.0.125:8031/order/querySecOrder
[INFO 2020-10-27 16:52:09]==============================test_asarchRepayList_01_放款流水查询接口测试======================================
[INFO 2020-10-27 16:54:03]==============================test_asarchRepayList_01_放款流水查询接口测试======================================
[INFO 2020-10-27 16:57:40]==============================test_asarchRepayList_01_放款流水查询接口测试======================================
[INFO 2020-10-27 16:59:07]==============================test_asarchRepayList_01_放款流水查询接口测试======================================
[INFO 2020-10-27 17:02:37]==============================test_asarchRepayList_01_放款流水查询接口测试======================================
[INFO 2020-10-27 17:02:37]test_01_放款流水查询——测试开始——测试地址：http://10.10.67.84:8021/ph/repayPlanOfLoan
[INFO 2020-10-27 17:02:37]测试返回报文 {'code': 9999, 'result': None, 'message': 'json 转对象失败', 'success': False}
[INFO 2020-10-27 17:03:54]==============================test_asarchRepayList_01_放款流水查询接口测试======================================
[INFO 2020-10-27 17:05:10]==============================test_asarchRepayList_01_放款流水查询接口测试======================================
[INFO 2020-10-27 17:06:11]==============================test_asarchRepayList_01_放款流水查询接口测试======================================
[INFO 2020-10-27 17:06:11]test_01_放款流水查询——测试开始——测试地址：http://10.10.67.84:8021/ph/repayPlanOfLoan
[INFO 2020-10-27 17:06:11]测试返回报文 {'code': 9999, 'result': None, 'message': 'json 转对象失败', 'success': False}
[INFO 2020-10-27 17:07:09]==============================test_asarchRepayList_01_放款流水查询接口测试======================================
[INFO 2020-10-27 17:07:09]test_01_放款流水查询——测试开始——测试地址：http://10.10.67.84:8021/loanLog/list
[INFO 2020-10-27 17:07:41]==============================test_asarchRepayList_01_放款流水查询接口测试======================================
[INFO 2020-10-27 17:07:41]test_01_放款流水查询——测试开始
[INFO 2020-10-27 17:07:41]接口异常assert 404 == 200
 +  where 404 = <Response [404]>.status_code
[INFO 2020-10-27 17:08:26]==============================test_asarchRepayList_01_放款流水查询接口测试======================================
[INFO 2020-10-27 17:08:26]test_01_放款流水查询——测试开始——测试地址：http://10.100.12.15:8061/loanLog/list
[INFO 2020-10-27 17:08:26]测试返回报文 {'code': 9999, 'result': None, 'message': '系统异常', 'success': False}
[INFO 2020-10-27 17:08:39]==============================test_asarchRepayList_01_放款流水查询接口测试======================================
[INFO 2020-10-27 17:08:39]test_01_放款流水查询——测试开始
[INFO 2020-10-27 17:08:40]接口异常'Response' object is not subscriptable
[INFO 2020-10-27 17:09:57]==============================test_asarchRepayList_01_放款流水查询接口测试======================================
[INFO 2020-10-27 17:10:31]test_01_放款流水查询——测试开始——测试地址：http://10.100.12.15:8061/loanLog/list
[INFO 2020-10-27 17:10:31]测试返回报文 {'code': 9999, 'result': None, 'message': '系统异常', 'success': False}
[INFO 2020-10-27 17:12:26]==============================test_asarchRepayList_01_放款流水查询接口测试======================================
[INFO 2020-10-27 17:12:44]test_01_放款流水查询——测试开始——测试地址：http://10.100.12.15:8061/loanLog/list
[INFO 2020-10-27 17:13:19]测试返回报文 {'code': 9999, 'result': None, 'message': '系统异常', 'success': False}
[INFO 2020-10-27 17:14:51]==============================test_asarchRepayList_01_放款流水查询接口测试======================================
[INFO 2020-10-27 17:14:51]test_01_放款流水查询——测试开始
[INFO 2020-10-27 17:14:51]接口异常'Response' object is not subscriptable
[INFO 2020-10-27 17:15:29]==============================test_asarchRepayList_01_放款流水查询接口测试======================================
[INFO 2020-10-27 17:15:29]test_01_放款流水查询——测试开始——测试地址：http://10.100.12.15:8061/loanLog/list
[INFO 2020-10-27 17:16:04]==============================test_asarchRepayList_01_放款流水查询接口测试======================================
[INFO 2020-10-27 17:16:04]test_01_放款流水查询——测试开始——测试地址：http://10.100.12.15:8061/loanLog/list
[INFO 2020-10-27 17:17:05]==============================test_asarchRepayList_01_放款流水查询接口测试======================================
[INFO 2020-10-27 17:17:05]test_01_放款流水查询——测试开始
[INFO 2020-10-27 17:17:06]接口异常'Response' object is not subscriptable
[INFO 2020-10-27 17:17:15]==============================test_asarchRepayList_01_放款流水查询接口测试======================================
[INFO 2020-10-27 17:17:16]test_01_放款流水查询——测试开始——测试地址：http://10.100.12.15:8061/loanLog/list
[INFO 2020-10-27 17:18:14]==============================test_asarchRepayList_01_放款流水查询接口测试======================================
[INFO 2020-10-27 17:18:14]test_01_放款流水查询——测试开始——测试地址：http://10.100.12.15:8061/loanLog/list
[INFO 2020-10-27 17:24:34]==============================test_asarchRepayList_01_放款流水查询接口测试======================================
[INFO 2020-10-27 17:24:34]test_01_放款流水查询——测试开始——测试地址：http://10.100.12.15:8061/loanLog/list
[INFO 2020-10-27 17:32:19]==============================test_asarchRepayList_01_放款流水查询接口测试======================================
[INFO 2020-10-27 17:32:19]test_01_放款流水查询——测试开始——测试地址：http://10.100.12.15:8061/loanLog/list
[INFO 2020-10-27 17:32:19]测试返回报文{'code': 9999, 'result': None, 'message': '系统异常', 'success': False}
[INFO 2020-10-27 17:40:40]==================================2020-10-27 17:40:40===================================
[INFO 2020-10-27 17:40:41]==============================test_asarchRepayList_01_放款流水查询接口测试======================================
[INFO 2020-10-27 17:40:41]test_01_放款流水查询——测试开始
[INFO 2020-10-27 17:40:41]接口异常'Response' object is not subscriptable
[INFO 2020-10-27 17:40:41]开始执行报告生成
[INFO 2020-10-27 17:40:41]报告生成完毕
